#
# A fatal error has been detected by the Java Runtime Environment:
#
#  EXCEPTION_ACCESS_VIOLATION (0xc0000005) at pc=0x0000000023204f18, pid=4376, tid=4780
#
# JRE version: 6.0_17-b04
# Java VM: Java HotSpot(TM) 64-Bit Server VM (14.3-b01 mixed mode windows-amd64 )
# Problematic frame:
# J  com.jniwrapper.g.readPointer(I)J
#
# If you would like to submit a bug report, please visit:
#   http://java.sun.com/webapps/bugreport/crash.jsp
#

---------------  T H R E A D  ---------------

Current thread (0x000000006ac65800):  JavaThread "Main message loop" daemon [_thread_in_Java, id=4780, stack(0x00000000c4000000,0x00000000c8000000)]

siginfo: ExceptionCode=0xc0000005, reading address 0x0000000080004005

Registers:
EAX=0x0000000029588930, EBX=0x0000000029588930, ECX=0x0000000022c4f3c0, EDX=0x0000000038a9b0d8
ESP=0x00000000c7fee490, EBP=0x0000000038a9b188, ESI=0x000000002970c950, EDI=0x0000000022c459ae
EIP=0x0000000023204f18, EFLAGS=0x0000000000010246

Top of Stack: (sp=0x00000000c7fee490)
0x00000000c7fee490:   0000000000000000 0000000022c5c2ac
0x00000000c7fee4a0:   00000000000000b9 00000000c7fee518
0x00000000c7fee4b0:   00000000c7fee518 0000000022c45ecd
0x00000000c7fee4c0:   0000000022c45ecd 0000000000000000
0x00000000c7fee4d0:   0000000038a9b0d8 00000000c7fee4d8
0x00000000c7fee4e0:   0000000029709568 00000000c7fee528
0x00000000c7fee4f0:   000000002971e2a8 0000000000000000
0x00000000c7fee500:   0000000029709578 00000000c7fee4c8
0x00000000c7fee510:   00000000c7fee528 00000000c7fee578
0x00000000c7fee520:   0000000022c459f3 0000000038a85308
0x00000000c7fee530:   0000000038a85308 00000000c7fee538
0x00000000c7fee540:   00000000297093b2 00000000c7fee5b0
0x00000000c7fee550:   000000002971e2a8 0000000000000000
0x00000000c7fee560:   00000000297093c8 00000000c7fee528
0x00000000c7fee570:   00000000c7fee5c0 00000000c7fee638
0x00000000c7fee580:   00000000231dbc18 0000000000000001 

Instructions: (pc=0x0000000023204f18)
0x0000000023204f08:   fa 08 7c 2d 4c 8b 55 10 44 0f be 45 2e 4d 63 db
0x0000000023204f18:   4b 8b 04 1a 45 85 c0 74 24 48 83 c4 20 5d 85 05 


Stack: [0x00000000c4000000,0x00000000c8000000],  sp=0x00000000c7fee490,  free space=65465k
Native frames: (J=compiled Java code, j=interpreted, Vv=VM code, C=native code)
J  com.jniwrapper.g.readPointer(I)J


---------------  P R O C E S S  ---------------

Java Threads: ( => current thread )
  0x000000006ac61000 JavaThread "Browser Events Thread" daemon [_thread_blocked, id=4584, stack(0x000000010cfd0000,0x0000000110fd0000)]
=>0x000000006ac65800 JavaThread "Main message loop" daemon [_thread_in_Java, id=4780, stack(0x00000000c4000000,0x00000000c8000000)]
  0x000000006ac62800 JavaThread "Prefs Updater" daemon [_thread_blocked, id=4424, stack(0x00000000bc000000,0x00000000c0000000)]
  0x000000006ac60800 JavaThread "RecordlistTable Timer" daemon [_thread_blocked, id=3320, stack(0x00000000b4000000,0x00000000b8000000)]
  0x00000000698f4800 JavaThread "Timer-2" daemon [_thread_blocked, id=2380, stack(0x00000000dcfd0000,0x00000000e0fd0000)]
  0x00000000698fc000 JavaThread "com.jniwrapper.NativeResourceCollector" daemon [_thread_blocked, id=1684, stack(0x00000000fcfd0000,0x0000000100fd0000)]
  0x000000006ac5f800 JavaThread "Swing-Shell" daemon [_thread_blocked, id=3680, stack(0x0000000108fd0000,0x000000010cfd0000)]
  0x00000000698f9000 JavaThread "Code Analyzer updating thread" [_thread_blocked, id=4300, stack(0x00000000f4fd0000,0x00000000f8fd0000)]
  0x00000000698f8800 JavaThread "Code Analyzer updating thread" [_thread_blocked, id=3540, stack(0x00000000f0fd0000,0x00000000f4fd0000)]
  0x00000000698f7800 JavaThread "Code Analyzer updating thread" [_thread_blocked, id=4500, stack(0x00000000ecfd0000,0x00000000f0fd0000)]
  0x00000000698f7000 JavaThread "Active Reference Queue Daemon" daemon [_thread_blocked, id=4528, stack(0x00000000e8fd0000,0x00000000ecfd0000)]
  0x00000000698f6000 JavaThread "Timer-1" daemon [_thread_blocked, id=4720, stack(0x00000000e4fd0000,0x00000000e8fd0000)]
  0x00000000698f5800 JavaThread "ClipboardMonitor Timer" daemon [_thread_blocked, id=1492, stack(0x00000000e0fd0000,0x00000000e4fd0000)]
  0x00000000698f4000 JavaThread "Explorer NavigationContext request queue" daemon [_thread_blocked, id=3344, stack(0x00000000d8fd0000,0x00000000dcfd0000)]
  0x00000000698f2800 JavaThread "AddressBar directory emptiness poller" daemon [_thread_blocked, id=3504, stack(0x00000000d0fd0000,0x00000000d4fd0000)]
  0x00000000698f2000 JavaThread "Explorer Refresh Service 1350402330" daemon [_thread_blocked, id=4504, stack(0x00000000ccfd0000,0x00000000d0fd0000)]
  0x00000000698f1000 JavaThread "Thread-4" daemon [_thread_blocked, id=3748, stack(0x00000000c8000000,0x00000000cc000000)]
  0x00000000698ef800 JavaThread "TimerQueue" daemon [_thread_blocked, id=4756, stack(0x00000000b0000000,0x00000000b4000000)]
  0x00000000698ef000 JavaThread "Thread-3" daemon [_thread_blocked, id=1532, stack(0x00000000ac000000,0x00000000b0000000)]
  0x00000000698ee000 JavaThread "AWT-EventQueue-0" [_thread_blocked, id=4812, stack(0x000000009c000000,0x00000000a0000000)]
  0x00000000698ed800 JavaThread "AWT-Shutdown" [_thread_blocked, id=1016, stack(0x0000000094000000,0x0000000098000000)]
  0x00000000699d3000 JavaThread "FelixPackageAdmin" daemon [_thread_blocked, id=2316, stack(0x00000000a8000000,0x00000000ac000000)]
  0x000000004a194000 JavaThread "FelixStartLevel" daemon [_thread_blocked, id=1432, stack(0x00000000a4000000,0x00000000a8000000)]
  0x000000004a193800 JavaThread "FelixDispatchQueue" daemon [_thread_blocked, id=2236, stack(0x00000000a0000000,0x00000000a4000000)]
  0x000000006624c800 JavaThread "com.google.common.base.internal.Finalizer" daemon [_thread_blocked, id=3228, stack(0x0000000098000000,0x000000009c000000)]
  0x00000000662fa800 JavaThread "AWT-Windows" daemon [_thread_in_native, id=3700, stack(0x0000000090000000,0x0000000094000000)]
  0x0000000069634000 JavaThread "Java2D Disposer" daemon [_thread_blocked, id=4604, stack(0x0000000088000000,0x000000008c000000)]
  0x0000000069238000 JavaThread "Timer-0" [_thread_blocked, id=3116, stack(0x0000000084000000,0x0000000088000000)]
  0x0000000068d41800 JavaThread "EventMgr Dispatcher" daemon [_thread_in_native, id=5048, stack(0x0000000080000000,0x0000000084000000)]
  0x000000004a153000 JavaThread "Low Memory Detector" daemon [_thread_blocked, id=2188, stack(0x0000000062240000,0x0000000066240000)]
  0x000000004a144800 JavaThread "CompilerThread1" daemon [_thread_blocked, id=3456, stack(0x000000005e240000,0x0000000062240000)]
  0x000000004a140000 JavaThread "CompilerThread0" daemon [_thread_blocked, id=4080, stack(0x000000005a240000,0x000000005e240000)]
  0x000000004a13f000 JavaThread "Attach Listener" daemon [_thread_blocked, id=4208, stack(0x0000000056240000,0x000000005a240000)]
  0x000000004a0ea800 JavaThread "Finalizer" daemon [_thread_blocked, id=4232, stack(0x0000000052240000,0x0000000056240000)]
  0x000000004a0e4000 JavaThread "Reference Handler" daemon [_thread_blocked, id=128, stack(0x000000004e240000,0x0000000052240000)]
  0x00000000064c6000 JavaThread "main" [_thread_in_native, id=460, stack(0x0000000000030000,0x0000000004030000)]

Other Threads:
  0x000000004a0e0800 VMThread [stack: 0x000000004a240000,0x000000004e240000] [id=4696]
  0x000000004a1a1800 WatcherThread [stack: 0x000000006bc90000,0x000000006fc90000] [id=4484]

VM state:not at safepoint (normal execution)

VM Mutex/Monitor currently owned by a thread: None

Heap
 PSYoungGen      total 36800K, used 31085K [0x0000000036f40000, 0x0000000039880000, 0x000000003a040000)
  eden space 31552K, 89% used [0x0000000036f40000,0x0000000038ae5e48,0x0000000038e10000)
  from space 5248K, 52% used [0x0000000038e10000,0x00000000390c55f8,0x0000000039330000)
  to   space 5056K, 0% used [0x0000000039390000,0x0000000039390000,0x0000000039880000)
 PSOldGen        total 86208K, used 72900K [0x000000002dc40000, 0x0000000033070000, 0x0000000036f40000)
  object space 86208K, 84% used [0x000000002dc40000,0x00000000323710f8,0x0000000033070000)
 PSPermGen       total 123904K, used 80555K [0x0000000025c40000, 0x000000002d540000, 0x000000002dc40000)
  object space 123904K, 65% used [0x0000000025c40000,0x000000002aaeadf8,0x000000002d540000)

Dynamic libraries:
0x0000000140000000 - 0x0000000140028000 	C:\Program Files\MATLAB\R2013a\bin\win64\MATLAB.exe
0x0000000077be0000 - 0x0000000077d8b000 	C:\Windows\SYSTEM32\ntdll.dll
0x00000000779c0000 - 0x0000000077adf000 	C:\Windows\system32\kernel32.dll
0x000007fefde60000 - 0x000007fefdecb000 	C:\Windows\system32\KERNELBASE.dll
0x0000000074460000 - 0x0000000074515000 	C:\Program Files\MATLAB\R2013a\bin\win64\libut.dll
0x00000000758a0000 - 0x000000007595f000 	C:\Program Files\MATLAB\R2013a\bin\win64\libmwi18n.dll
0x0000000180000000 - 0x000000018000d000 	C:\Program Files\MATLAB\R2013a\bin\win64\libmwresource_core.dll
0x00000000685f0000 - 0x0000000068688000 	C:\Program Files\MATLAB\R2013a\bin\win64\MSVCP100.dll
0x0000000068510000 - 0x00000000685e2000 	C:\Program Files\MATLAB\R2013a\bin\win64\MSVCR100.dll
0x000000006bc80000 - 0x000000006bc8e000 	C:\Program Files\MATLAB\R2013a\bin\win64\boost_date_time-vc100-mt-1_49.dll
0x000000006bbc0000 - 0x000000006bbec000 	C:\Program Files\MATLAB\R2013a\bin\win64\boost_filesystem-vc100-mt-1_49.dll
0x000000006bc70000 - 0x000000006bc79000 	C:\Program Files\MATLAB\R2013a\bin\win64\boost_system-vc100-mt-1_49.dll
0x000007fefe3b0000 - 0x000007fefe48b000 	C:\Windows\system32\ADVAPI32.dll
0x000007feff560000 - 0x000007feff5ff000 	C:\Windows\system32\msvcrt.dll
0x000007feff600000 - 0x000007feff61f000 	C:\Windows\SYSTEM32\sechost.dll
0x000007feff790000 - 0x000007feff8be000 	C:\Windows\system32\RPCRT4.dll
0x0000000068700000 - 0x0000000068725000 	C:\Program Files\MATLAB\R2013a\bin\win64\LIBEXPAT.dll
0x0000000068380000 - 0x000000006850a000 	C:\Program Files\MATLAB\R2013a\bin\win64\icuin49.dll
0x0000000068240000 - 0x000000006837e000 	C:\Program Files\MATLAB\R2013a\bin\win64\icuuc49.dll
0x0000000067110000 - 0x0000000068232000 	C:\Program Files\MATLAB\R2013a\bin\win64\icudt49.dll
0x000000006bbb0000 - 0x000000006bbc0000 	C:\Program Files\MATLAB\R2013a\bin\win64\icuio49.dll
0x0000000073f70000 - 0x0000000074112000 	C:\Program Files\MATLAB\R2013a\bin\win64\libmwfl.dll
0x000000007a350000 - 0x000000007a737000 	C:\Program Files\MATLAB\R2013a\bin\win64\libmwMATLAB_res.dll
0x0000000067030000 - 0x000000006710f000 	C:\Program Files\MATLAB\R2013a\bin\win64\boost_regex-vc100-mt-1_49.dll
0x0000000077ae0000 - 0x0000000077bda000 	C:\Windows\system32\USER32.dll
0x000007fefdf10000 - 0x000007fefdf77000 	C:\Windows\system32\GDI32.dll
0x000007feffdd0000 - 0x000007feffdde000 	C:\Windows\system32\LPK.dll
0x000007feff490000 - 0x000007feff55a000 	C:\Windows\system32\USP10.dll
0x000000006bb70000 - 0x000000006bb81000 	C:\Program Files\MATLAB\R2013a\bin\win64\boost_signals-vc100-mt-1_49.dll
0x000000006b690000 - 0x000000006b6a1000 	C:\Program Files\MATLAB\R2013a\bin\win64\boost_thread-vc100-mt-1_49.dll
0x000007feef5d0000 - 0x000007feef65c000 	C:\Program Files\MATLAB\R2013a\bin\win64\boost_log-vc100-mt-1_49.dll
0x0000000077db0000 - 0x0000000077db7000 	C:\Windows\system32\PSAPI.DLL
0x000007feff6c0000 - 0x000007feff70d000 	C:\Windows\system32\WS2_32.dll
0x000007feff480000 - 0x000007feff488000 	C:\Windows\system32\NSI.dll
0x000007fefa5a0000 - 0x000007fefa5d3000 	C:\Program Files\MATLAB\R2013a\bin\win64\tbb.dll
0x000007fefe1e0000 - 0x000007fefe1f7000 	C:\Windows\system32\imagehlp.dll
0x000007fefc710000 - 0x000007fefc73c000 	C:\Windows\system32\POWRPROF.dll
0x000007feffbf0000 - 0x000007feffdc7000 	C:\Windows\system32\SETUPAPI.dll
0x000007fefded0000 - 0x000007fefdf06000 	C:\Windows\system32\CFGMGR32.dll
0x000007fefe490000 - 0x000007fefe567000 	C:\Windows\system32\OLEAUT32.dll
0x000007feff960000 - 0x000007feffb61000 	C:\Windows\system32\ole32.dll
0x000007fefde40000 - 0x000007fefde5a000 	C:\Windows\system32\DEVOBJ.dll
0x0000000004100000 - 0x0000000004121000 	C:\Program Files\MATLAB\R2013a\bin\win64\libmwmfl_scalar.dll
0x000007feeceb0000 - 0x000007feecfd5000 	C:\Windows\system32\dbghelp.dll
0x0000000004270000 - 0x000000000459f000 	C:\Program Files\MATLAB\R2013a\bin\win64\libmwservices.dll
0x0000000075a20000 - 0x0000000075b0b000 	C:\Program Files\MATLAB\R2013a\bin\win64\libmx.dll
0x000007fef6fc0000 - 0x000007fef6fe8000 	C:\Program Files\MATLAB\R2013a\bin\win64\tbbmalloc.dll
0x000000006b670000 - 0x000000006b687000 	C:\Program Files\MATLAB\R2013a\bin\win64\zlib1.dll
0x00000000045a0000 - 0x00000000045ee000 	C:\Program Files\MATLAB\R2013a\bin\win64\libmwregexp.dll
0x0000000075f10000 - 0x0000000075f57000 	C:\Program Files\MATLAB\R2013a\bin\win64\mpath.dll
0x000000007b680000 - 0x000000007bc66000 	C:\Program Files\MATLAB\R2013a\bin\win64\mlutil.dll
0x00000000754d0000 - 0x0000000075547000 	C:\Program Files\MATLAB\R2013a\bin\win64\xmlcore.dll
0x0000000066de0000 - 0x0000000067021000 	C:\Program Files\MATLAB\R2013a\bin\win64\xerces-c_2_7.dll
0x0000000004140000 - 0x0000000004162000 	C:\Program Files\MATLAB\R2013a\bin\win64\libmwMATLAB_settings_res.dll
0x000007fefa590000 - 0x000007fefa5a0000 	C:\Program Files\MATLAB\R2013a\bin\win64\boost_iostreams-vc100-mt-1_49.dll
0x000007fef6930000 - 0x000007fef6976000 	C:\Program Files\MATLAB\R2013a\bin\win64\boost_serialization-vc100-mt-1_49.dll
0x000007fefe570000 - 0x000007feff2f6000 	C:\Windows\system32\SHELL32.dll
0x000007feff710000 - 0x000007feff781000 	C:\Windows\system32\SHLWAPI.dll
0x00000000045f0000 - 0x00000000045f6000 	C:\Program Files\MATLAB\R2013a\bin\win64\libmwnativedisplay.dll
0x000007fefdbf0000 - 0x000007fefdc90000 	C:\Windows\WinSxS\amd64_microsoft.windows.common-controls_6595b64144ccf1df_5.82.7600.16385_none_a44af8ec57f961cf\COMCTL32.dll
0x000007feff620000 - 0x000007feff6b8000 	C:\Windows\system32\COMDLG32.dll
0x000007fefaa30000 - 0x000007fefaa46000 	C:\Windows\system32\NETAPI32.dll
0x000007fefaa20000 - 0x000007fefaa2c000 	C:\Windows\system32\netutils.dll
0x000007fefd740000 - 0x000007fefd763000 	C:\Windows\system32\srvcli.dll
0x000007fefaa00000 - 0x000007fefaa15000 	C:\Windows\system32\wkscli.dll
0x0000000074970000 - 0x0000000074a18000 	C:\Program Files\MATLAB\R2013a\bin\win64\mcr.dll
0x0000000075000000 - 0x00000000753b1000 	C:\Program Files\MATLAB\R2013a\bin\win64\iqm.dll
0x0000000074e80000 - 0x0000000074f30000 	C:\Program Files\MATLAB\R2013a\bin\win64\m_dispatcher.dll
0x0000000004600000 - 0x0000000004e08000 	C:\Program Files\MATLAB\R2013a\bin\win64\m_interpreter.dll
0x0000000004e10000 - 0x0000000004e34000 	C:\Program Files\MATLAB\R2013a\bin\win64\libmex.dll
0x0000000075430000 - 0x00000000754ab000 	C:\Program Files\MATLAB\R2013a\bin\win64\profiler.dll
0x0000000004e40000 - 0x00000000050c3000 	C:\Program Files\MATLAB\R2013a\bin\win64\libmwmathutil.dll
0x0000000079f40000 - 0x0000000079f66000 	C:\Program Files\MATLAB\R2013a\bin\win64\libmwmathrng.dll
0x00000000050d0000 - 0x00000000050e0000 	C:\Program Files\MATLAB\R2013a\bin\win64\libmwmfl_rng.dll
0x0000000074c10000 - 0x0000000074cf8000 	C:\Program Files\MATLAB\R2013a\bin\win64\libmwmathcore.dll
0x0000000076160000 - 0x00000000761c3000 	C:\Program Files\MATLAB\R2013a\bin\win64\libmwspmatrix.dll
0x000000007b0a0000 - 0x000000007b2f6000 	C:\Program Files\MATLAB\R2013a\bin\win64\mcos.dll
0x0000000075ea0000 - 0x0000000075f02000 	C:\Program Files\MATLAB\R2013a\bin\win64\libmwcholmod.dll
0x00000000050f0000 - 0x00000000050fd000 	C:\Program Files\MATLAB\R2013a\bin\win64\libmwamd.dll
0x0000000005110000 - 0x00000000051b3000 	C:\Windows\WinSxS\amd64_microsoft.vc90.crt_1fc8b3b9a1e18e3b_9.0.30729.6161_none_08e61857a83bc251\MSVCR90.dll
0x00000000051c0000 - 0x00000000051cc000 	C:\Program Files\MATLAB\R2013a\bin\win64\libmwcolamd.dll
0x000000007a290000 - 0x000000007a2a3000 	C:\Program Files\MATLAB\R2013a\bin\win64\libmwblas.dll
0x000000007a310000 - 0x000000007a325000 	C:\Program Files\MATLAB\R2013a\bin\win64\libmwbinder.dll
0x00000000051e0000 - 0x00000000051eb000 	C:\Program Files\MATLAB\R2013a\bin\win64\libmwompwrapper.dll
0x0000000075820000 - 0x000000007589e000 	C:\Program Files\MATLAB\R2013a\bin\win64\libmwlapack.dll
0x000000007a1b0000 - 0x000000007a1d0000 	C:\Program Files\MATLAB\R2013a\bin\win64\m_pcodeio.dll
0x0000000079b10000 - 0x0000000079b6c000 	C:\Program Files\MATLAB\R2013a\bin\win64\m_ir.dll
0x0000000078ed0000 - 0x0000000079579000 	C:\Program Files\MATLAB\R2013a\bin\win64\m_parser.dll
0x000000007a2f0000 - 0x000000007a307000 	C:\Program Files\MATLAB\R2013a\bin\win64\ir_xfmr.dll
0x00000000051f0000 - 0x0000000005200000 	C:\Program Files\MATLAB\R2013a\bin\win64\mtok.dll
0x000000007a130000 - 0x000000007a158000 	C:\Program Files\MATLAB\R2013a\bin\win64\m_pcodegen.dll
0x0000000079fb0000 - 0x0000000079fdf000 	C:\Program Files\MATLAB\R2013a\bin\win64\libmwbridge.dll
0x0000000074f40000 - 0x0000000074ff6000 	C:\Program Files\MATLAB\R2013a\bin\win64\udd.dll
0x0000000073cc0000 - 0x0000000073e0e000 	C:\Program Files\MATLAB\R2013a\bin\win64\libmwgui.dll
0x000000007a1d0000 - 0x000000007a1f4000 	C:\Program Files\MATLAB\R2013a\bin\win64\graphics_util.dll
0x000007feef510000 - 0x000007feef5c8000 	C:\Program Files\MATLAB\R2013a\bin\win64\libtex_base.dll
0x0000000005200000 - 0x0000000005b43000 	C:\Program Files\MATLAB\R2013a\bin\win64\hg.dll
0x0000000076100000 - 0x000000007615a000 	C:\Program Files\MATLAB\R2013a\bin\win64\libmat.dll
0x0000000072d30000 - 0x0000000072f38000 	C:\Program Files\MATLAB\R2013a\bin\win64\hdf5dll.dll
0x0000000075710000 - 0x00000000757d8000 	C:\Program Files\MATLAB\R2013a\bin\win64\jmi.dll
0x0000000005b60000 - 0x0000000005b6e000 	C:\Program Files\MATLAB\R2013a\bin\win64\nativejava_services.dll
0x0000000005b70000 - 0x0000000005bb0000 	C:\Program Files\MATLAB\R2013a\bin\win64\libmwhardcopy.dll
0x0000000075c70000 - 0x0000000075cce000 	C:\Program Files\MATLAB\R2013a\bin\win64\libuij.dll
0x0000000072f50000 - 0x000000007318f000 	C:\Program Files\MATLAB\R2013a\bin\win64\hgdatatypes.dll
0x0000000005bb0000 - 0x0000000005c9b000 	C:\Program Files\MATLAB\R2013a\bin\win64\hgutils.dll
0x0000000005ca0000 - 0x0000000005d4e000 	C:\Program Files\MATLAB\R2013a\bin\win64\udd_mi.dll
0x0000000005d50000 - 0x0000000005d86000 	C:\Program Files\MATLAB\R2013a\bin\win64\libmwgbtutils.dll
0x0000000005d90000 - 0x0000000005da4000 	C:\Program Files\MATLAB\R2013a\bin\win64\libmwgbt.dll
0x0000000005db0000 - 0x000000000607e000 	C:\Program Files\MATLAB\R2013a\bin\win64\uiw.dll
0x0000000006080000 - 0x0000000006089000 	C:\Program Files\MATLAB\R2013a\bin\win64\uinone.dll
0x0000000006090000 - 0x00000000060b6000 	C:\Program Files\MATLAB\R2013a\bin\win64\libmwnativefiledialogs.dll
0x00000000060c0000 - 0x00000000060cc000 	C:\Program Files\MATLAB\R2013a\bin\win64\libmwplatform_res.dll
0x000007fef4a70000 - 0x000007fef4a88000 	C:\Windows\system32\MPR.dll
0x0000000066880000 - 0x0000000066ddd000 	C:\Program Files\MATLAB\R2013a\bin\win64\mfc100.dll
0x000007fefa810000 - 0x000007fefa817000 	C:\Windows\system32\MSIMG32.dll
0x000007fefac80000 - 0x000007fefacf0000 	C:\Windows\system32\WINSPOOL.DRV
0x00000000060d0000 - 0x00000000060ed000 	C:\Program Files\MATLAB\R2013a\bin\win64\mwoles05.DLL
0x00000000060f0000 - 0x000000000615c000 	C:\Program Files\MATLAB\R2013a\bin\win64\comcli.dll
0x00000000686d0000 - 0x00000000686fb000 	C:\Program Files\MATLAB\R2013a\bin\win64\ATL100.DLL
0x0000000006160000 - 0x000000000616c000 	C:\Program Files\MATLAB\R2013a\bin\win64\mlautoregister.dll
0x0000000006170000 - 0x00000000062c6000 	C:\Program Files\MATLAB\R2013a\bin\win64\mvm.dll
0x000007fefe250000 - 0x000007fefe27e000 	C:\Windows\system32\IMM32.DLL
0x000007feffde0000 - 0x000007feffee9000 	C:\Windows\system32\MSCTF.dll
0x000007fefc290000 - 0x000007fefc2e6000 	C:\Windows\system32\UxTheme.dll
0x000007fefbde0000 - 0x000007fefbdf8000 	C:\Windows\system32\dwmapi.dll
0x000000006b660000 - 0x000000006b66d000 	C:\Program Files\MATLAB\R2013a\bin\win64\MFC100ENU.DLL
0x0000000006410000 - 0x000000000645e000 	C:\Program Files\MATLAB\R2013a\bin\win64\MVMLocal.dll
0x0000000078870000 - 0x0000000078ecd000 	C:\Program Files\MATLAB\R2013a\sys\java\jre\win64\jre\bin\server\jvm.dll

VM Arguments:
jvm_args: -XX:PermSize=32m -Xms64m -XX:NewRatio=3 -XX:MaxPermSize=128m -Xmx196m -XX:MaxDirectMemorySize=2147400000 -Dsun.java2d.noddraw=true -Dsun.awt.nopixfmt=true -Xshare:off -Xrs -Dsun.awt.disableMixing=true -Djava.library.path=C:\Program Files\MATLAB\R2013a\bin\win64;C:\Program Files\MATLAB\R2013a\sys\jxbrowser\win64\lib vfprintf abort 
java_command: <unknown>
Launcher Type: generic

Environment Variables:
PATH=C:\ProgramData\Oracle\Java\javapath;C:\Program Files\Dell\DW WLAN Card;C:\Windows\system32;C:\Windows;C:\Windows\System32\Wbem;C:\Windows\System32\WindowsPowerShell\v1.0\;C:\Program Files\WIDCOMM\Bluetooth Software\;C:\Program Files\WIDCOMM\Bluetooth Software\syswow64;C:\Program Files (x86)\Intel\OpenCL SDK\2.0\bin\x86;C:\Program Files (x86)\Intel\OpenCL SDK\2.0\bin\x64;C:\Program Files\Microsoft Windows Performance Toolkit\;C:\Program Files\MATLAB\R2013a\runtime\win64;C:\Program Files\MATLAB\R2013a\bin
USERNAME=Gaurav
OS=Windows_NT
PROCESSOR_IDENTIFIER=Intel64 Family 6 Model 42 Stepping 7, GenuineIntel



---------------  S Y S T E M  ---------------

OS: Windows 7 Build 7600 

CPU:total 4 (8 cores per cpu, 2 threads per core) family 6 model 42 stepping 7, cmov, cx8, fxsr, mmx, sse, sse2, sse3, ssse3, sse4.1, sse4.2, ht

Memory: 4k page, physical 2003220k(422152k free), swap 4006440k(1773164k free)

vm_info: Java HotSpot(TM) 64-Bit Server VM (14.3-b01) for windows-amd64 JRE (1.6.0_17-b04), built on Oct 11 2009 00:46:08 by "java_re" with MS VC++ 8.0

time: Thu Mar 26 05:40:11 2015
elapsed time: 743 seconds

